<?xml version="1.0" encoding="UTF-8"?>
<!-- Generated by org.testng.reporters.JUnitXMLReporter -->
<testsuite ignored="0" hostname="SumedhKrishna" failures="0" tests="2" name="BankingApp Test" time="28.886" errors="0" timestamp="2023-04-29T19:47:44 EDT">
  <testcase classname="com.iNetBanking.testCases.TC_LoginTest_001" name="loginTest" time="0.972"/>
  <testcase classname="com.iNetBanking.testCases.TC_AddCustomerTest_003" name="addCustomer" time="18.257"/>
</testsuite> <!-- BankingApp Test -->
