<?xml version="1.0" encoding="UTF-8"?>
<testng-results total="1" passed="1" failed="0" skipped="0">
  <reporter-output>
  </reporter-output>
  <suite started-at="2023-05-01T15:35:45Z" name="INetBankingV1" finished-at="2023-05-01T15:35:53Z" duration-ms="7779">
    <groups>
    </groups>
    <test started-at="2023-05-01T15:35:45Z" name="BankingApp Test" finished-at="2023-05-01T15:35:53Z" duration-ms="7779">
      <class name="com.iNetBanking.testCases.TC_LoginTest_001">
        <test-method is-config="true" signature="setUp(java.lang.String)[pri:0, instance:com.iNetBanking.testCases.TC_LoginTest_001@247310d0]" started-at="2023-05-01T11:35:45Z" name="setUp" finished-at="2023-05-01T11:35:51Z" duration-ms="6037" status="PASS">
          <params>
            <param index="0">
              <value>
                <![CDATA[chrome]]>
              </value>
            </param>
          </params>
          <reporter-output>
          </reporter-output>
        </test-method> <!-- setUp -->
        <test-method signature="loginTest()[pri:0, instance:com.iNetBanking.testCases.TC_LoginTest_001@247310d0]" started-at="2023-05-01T11:35:51Z" name="loginTest" finished-at="2023-05-01T11:35:53Z" duration-ms="1101" status="PASS">
          <reporter-output>
          </reporter-output>
        </test-method> <!-- loginTest -->
        <test-method is-config="true" signature="tearDown()[pri:0, instance:com.iNetBanking.testCases.TC_LoginTest_001@247310d0]" started-at="2023-05-01T11:35:53Z" name="tearDown" finished-at="2023-05-01T11:35:53Z" duration-ms="244" status="PASS">
          <reporter-output>
          </reporter-output>
        </test-method> <!-- tearDown -->
      </class> <!-- com.iNetBanking.testCases.TC_LoginTest_001 -->
    </test> <!-- BankingApp Test -->
  </suite> <!-- INetBankingV1 -->
</testng-results>
