<?xml version="1.0" encoding="UTF-8"?>
<testng-results ignored="0" total="2" passed="2" failed="0" skipped="0">
  <reporter-output>
  </reporter-output>
  <suite started-at="2023-04-29T19:47:15 EDT" name="INetBankingV1" finished-at="2023-04-29T19:47:43 EDT" duration-ms="28886">
    <groups>
    </groups>
    <test started-at="2023-04-29T19:47:15 EDT" name="BankingApp Test" finished-at="2023-04-29T19:47:43 EDT" duration-ms="28886">
      <class name="com.iNetBanking.testCases.TC_AddCustomerTest_003">
        <test-method is-config="true" signature="setUp(java.lang.String)[pri:0, instance:com.iNetBanking.testCases.TC_AddCustomerTest_003@67f639d3]" started-at="2023-04-29T19:47:23 EDT" name="setUp" finished-at="2023-04-29T19:47:25 EDT" duration-ms="2176" status="PASS">
          <params>
            <param index="0">
              <value>
                <![CDATA[chrome]]>
              </value>
            </param>
          </params>
          <reporter-output>
          </reporter-output>
        </test-method> <!-- setUp -->
        <test-method signature="addCustomer()[pri:0, instance:com.iNetBanking.testCases.TC_AddCustomerTest_003@67f639d3]" started-at="2023-04-29T19:47:25 EDT" name="addCustomer" finished-at="2023-04-29T19:47:43 EDT" duration-ms="18257" status="PASS">
          <reporter-output>
          </reporter-output>
        </test-method> <!-- addCustomer -->
        <test-method is-config="true" signature="tearDown()[pri:0, instance:com.iNetBanking.testCases.TC_AddCustomerTest_003@67f639d3]" started-at="2023-04-29T19:47:43 EDT" name="tearDown" finished-at="2023-04-29T19:47:43 EDT" duration-ms="471" status="PASS">
          <reporter-output>
          </reporter-output>
        </test-method> <!-- tearDown -->
      </class> <!-- com.iNetBanking.testCases.TC_AddCustomerTest_003 -->
      <class name="com.iNetBanking.testCases.TC_LoginTest_001">
        <test-method is-config="true" signature="setUp(java.lang.String)[pri:0, instance:com.iNetBanking.testCases.TC_LoginTest_001@21282ed8]" started-at="2023-04-29T19:47:15 EDT" name="setUp" finished-at="2023-04-29T19:47:21 EDT" duration-ms="6244" status="PASS">
          <params>
            <param index="0">
              <value>
                <![CDATA[chrome]]>
              </value>
            </param>
          </params>
          <reporter-output>
          </reporter-output>
        </test-method> <!-- setUp -->
        <test-method signature="loginTest()[pri:0, instance:com.iNetBanking.testCases.TC_LoginTest_001@21282ed8]" started-at="2023-04-29T19:47:21 EDT" name="loginTest" finished-at="2023-04-29T19:47:22 EDT" duration-ms="972" status="PASS">
          <reporter-output>
          </reporter-output>
        </test-method> <!-- loginTest -->
        <test-method is-config="true" signature="tearDown()[pri:0, instance:com.iNetBanking.testCases.TC_LoginTest_001@21282ed8]" started-at="2023-04-29T19:47:22 EDT" name="tearDown" finished-at="2023-04-29T19:47:23 EDT" duration-ms="245" status="PASS">
          <reporter-output>
          </reporter-output>
        </test-method> <!-- tearDown -->
      </class> <!-- com.iNetBanking.testCases.TC_LoginTest_001 -->
    </test> <!-- BankingApp Test -->
  </suite> <!-- INetBankingV1 -->
</testng-results>
